Analysis & Synthesis report for Contador
Mon Dec 03 18:00:58 2018
Quartus II 64-Bit Version 13.0.0 Build 156 04/24/2013 SJ Web Edition


---------------------
; Table of Contents ;
---------------------
  1. Legal Notice
  2. Analysis & Synthesis Summary
  3. Analysis & Synthesis Settings
  4. Parallel Compilation
  5. Analysis & Synthesis Source Files Read
  6. Analysis & Synthesis Resource Usage Summary
  7. Analysis & Synthesis Resource Utilization by Entity
  8. State Machine - |Contador|ctrl:controller|state
  9. User-Specified and Inferred Latches
 10. Registers Removed During Synthesis
 11. Removed Registers Triggering Further Register Optimizations
 12. General Register Statistics
 13. Inverted Register Statistics
 14. Multiplexer Restructuring Statistics (Restructuring Performed)
 15. Port Connectivity Checks: "dp:datapath|alu:alu1|sub_4bits:subtracao"
 16. Port Connectivity Checks: "dp:datapath|alu:alu1|somador_4bits:soma"
 17. Elapsed Time Per Partition
 18. Analysis & Synthesis Messages



----------------
; Legal Notice ;
----------------
Copyright (C) 1991-2013 Altera Corporation
Your use of Altera Corporation's design tools, logic functions 
and other software and tools, and its AMPP partner logic 
functions, and any output files from any of the foregoing 
(including device programming or simulation files), and any 
associated documentation or information are expressly subject 
to the terms and conditions of the Altera Program License 
Subscription Agreement, Altera MegaCore Function License 
Agreement, or other applicable license agreement, including, 
without limitation, that your use is for the sole purpose of 
programming logic devices manufactured by Altera and sold by 
Altera or its authorized distributors.  Please refer to the 
applicable agreement for further details.



+---------------------------------------------------------------------------------+
; Analysis & Synthesis Summary                                                    ;
+------------------------------------+--------------------------------------------+
; Analysis & Synthesis Status        ; Successful - Mon Dec 03 18:00:58 2018      ;
; Quartus II 64-Bit Version          ; 13.0.0 Build 156 04/24/2013 SJ Web Edition ;
; Revision Name                      ; Contador                                   ;
; Top-level Entity Name              ; Contador                                   ;
; Family                             ; Cyclone II                                 ;
; Total logic elements               ; 242                                        ;
;     Total combinational functions  ; 196                                        ;
;     Dedicated logic registers      ; 111                                        ;
; Total registers                    ; 111                                        ;
; Total pins                         ; 50                                         ;
; Total virtual pins                 ; 0                                          ;
; Total memory bits                  ; 0                                          ;
; Embedded Multiplier 9-bit elements ; 0                                          ;
; Total PLLs                         ; 0                                          ;
+------------------------------------+--------------------------------------------+


+----------------------------------------------------------------------------------------------------------------------+
; Analysis & Synthesis Settings                                                                                        ;
+----------------------------------------------------------------------------+--------------------+--------------------+
; Option                                                                     ; Setting            ; Default Value      ;
+----------------------------------------------------------------------------+--------------------+--------------------+
; Device                                                                     ; EP2C35F672C6       ;                    ;
; Top-level entity name                                                      ; Contador           ; Contador           ;
; Family name                                                                ; Cyclone II         ; Cyclone IV GX      ;
; Use smart compilation                                                      ; Off                ; Off                ;
; Enable parallel Assembler and TimeQuest Timing Analyzer during compilation ; On                 ; On                 ;
; Enable compact report table                                                ; Off                ; Off                ;
; Restructure Multiplexers                                                   ; Auto               ; Auto               ;
; Create Debugging Nodes for IP Cores                                        ; Off                ; Off                ;
; Preserve fewer node names                                                  ; On                 ; On                 ;
; Disable OpenCore Plus hardware evaluation                                  ; Off                ; Off                ;
; Verilog Version                                                            ; Verilog_2001       ; Verilog_2001       ;
; VHDL Version                                                               ; VHDL_1993          ; VHDL_1993          ;
; State Machine Processing                                                   ; Auto               ; Auto               ;
; Safe State Machine                                                         ; Off                ; Off                ;
; Extract Verilog State Machines                                             ; On                 ; On                 ;
; Extract VHDL State Machines                                                ; On                 ; On                 ;
; Ignore Verilog initial constructs                                          ; Off                ; Off                ;
; Iteration limit for constant Verilog loops                                 ; 5000               ; 5000               ;
; Iteration limit for non-constant Verilog loops                             ; 250                ; 250                ;
; Add Pass-Through Logic to Inferred RAMs                                    ; On                 ; On                 ;
; Infer RAMs from Raw Logic                                                  ; On                 ; On                 ;
; Parallel Synthesis                                                         ; On                 ; On                 ;
; DSP Block Balancing                                                        ; Auto               ; Auto               ;
; NOT Gate Push-Back                                                         ; On                 ; On                 ;
; Power-Up Don't Care                                                        ; On                 ; On                 ;
; Remove Redundant Logic Cells                                               ; Off                ; Off                ;
; Remove Duplicate Registers                                                 ; On                 ; On                 ;
; Ignore CARRY Buffers                                                       ; Off                ; Off                ;
; Ignore CASCADE Buffers                                                     ; Off                ; Off                ;
; Ignore GLOBAL Buffers                                                      ; Off                ; Off                ;
; Ignore ROW GLOBAL Buffers                                                  ; Off                ; Off                ;
; Ignore LCELL Buffers                                                       ; Off                ; Off                ;
; Ignore SOFT Buffers                                                        ; On                 ; On                 ;
; Limit AHDL Integers to 32 Bits                                             ; Off                ; Off                ;
; Optimization Technique                                                     ; Balanced           ; Balanced           ;
; Carry Chain Length                                                         ; 70                 ; 70                 ;
; Auto Carry Chains                                                          ; On                 ; On                 ;
; Auto Open-Drain Pins                                                       ; On                 ; On                 ;
; Perform WYSIWYG Primitive Resynthesis                                      ; Off                ; Off                ;
; Auto ROM Replacement                                                       ; On                 ; On                 ;
; Auto RAM Replacement                                                       ; On                 ; On                 ;
; Auto Shift Register Replacement                                            ; Auto               ; Auto               ;
; Allow Shift Register Merging across Hierarchies                            ; Auto               ; Auto               ;
; Auto Clock Enable Replacement                                              ; On                 ; On                 ;
; Strict RAM Replacement                                                     ; Off                ; Off                ;
; Allow Synchronous Control Signals                                          ; On                 ; On                 ;
; Force Use of Synchronous Clear Signals                                     ; Off                ; Off                ;
; Auto RAM to Logic Cell Conversion                                          ; Off                ; Off                ;
; Auto Resource Sharing                                                      ; Off                ; Off                ;
; Allow Any RAM Size For Recognition                                         ; Off                ; Off                ;
; Allow Any ROM Size For Recognition                                         ; Off                ; Off                ;
; Allow Any Shift Register Size For Recognition                              ; Off                ; Off                ;
; Use LogicLock Constraints during Resource Balancing                        ; On                 ; On                 ;
; Ignore translate_off and synthesis_off directives                          ; Off                ; Off                ;
; Timing-Driven Synthesis                                                    ; Off                ; Off                ;
; Report Parameter Settings                                                  ; On                 ; On                 ;
; Report Source Assignments                                                  ; On                 ; On                 ;
; Report Connectivity Checks                                                 ; On                 ; On                 ;
; Ignore Maximum Fan-Out Assignments                                         ; Off                ; Off                ;
; Synchronization Register Chain Length                                      ; 2                  ; 2                  ;
; PowerPlay Power Optimization                                               ; Normal compilation ; Normal compilation ;
; HDL message level                                                          ; Level2             ; Level2             ;
; Suppress Register Optimization Related Messages                            ; Off                ; Off                ;
; Number of Removed Registers Reported in Synthesis Report                   ; 5000               ; 5000               ;
; Number of Swept Nodes Reported in Synthesis Report                         ; 5000               ; 5000               ;
; Number of Inverted Registers Reported in Synthesis Report                  ; 100                ; 100                ;
; Clock MUX Protection                                                       ; On                 ; On                 ;
; Auto Gated Clock Conversion                                                ; Off                ; Off                ;
; Block Design Naming                                                        ; Auto               ; Auto               ;
; SDC constraint protection                                                  ; Off                ; Off                ;
; Synthesis Effort                                                           ; Auto               ; Auto               ;
; Shift Register Replacement - Allow Asynchronous Clear Signal               ; On                 ; On                 ;
; Pre-Mapping Resynthesis Optimization                                       ; Off                ; Off                ;
; Analysis & Synthesis Message Level                                         ; Medium             ; Medium             ;
; Disable Register Merging Across Hierarchies                                ; Auto               ; Auto               ;
; Resource Aware Inference For Block RAM                                     ; On                 ; On                 ;
; Synthesis Seed                                                             ; 1                  ; 1                  ;
+----------------------------------------------------------------------------+--------------------+--------------------+


Parallel compilation was disabled, but you have multiple processors available. Enable parallel compilation to reduce compilation time.
+-------------------------------------+
; Parallel Compilation                ;
+----------------------------+--------+
; Processors                 ; Number ;
+----------------------------+--------+
; Number detected on machine ; 4      ;
; Maximum allowed            ; 1      ;
+----------------------------+--------+


+------------------------------------------------------------------------------------------------------------------------------+
; Analysis & Synthesis Source Files Read                                                                                       ;
+----------------------------------+-----------------+-----------------+---------------------------------------------+---------+
; File Name with User-Entered Path ; Used in Netlist ; File Type       ; File Name with Absolute Path                ; Library ;
+----------------------------------+-----------------+-----------------+---------------------------------------------+---------+
; Contador.vhd                     ; yes             ; User VHDL File  ; C:/altera/13.0/Counterplz/Contador.vhd      ;         ;
; ctrl.vhd                         ; yes             ; User VHDL File  ; C:/altera/13.0/Counterplz/ctrl.vhd          ;         ;
; dp.vhd                           ; yes             ; User VHDL File  ; C:/altera/13.0/Counterplz/dp.vhd            ;         ;
; alu.vhd                          ; yes             ; User VHDL File  ; C:/altera/13.0/Counterplz/alu.vhd           ;         ;
; rf.vhd                           ; yes             ; User VHDL File  ; C:/altera/13.0/Counterplz/rf.vhd            ;         ;
; bcd7seg.vhd                      ; yes             ; User VHDL File  ; C:/altera/13.0/Counterplz/bcd7seg.vhd       ;         ;
; acc.vhd                          ; yes             ; User VHDL File  ; C:/altera/13.0/Counterplz/acc.vhd           ;         ;
; somador_4bits.vhd                ; yes             ; User VHDL File  ; C:/altera/13.0/Counterplz/somador_4bits.vhd ;         ;
; sub_4bits.vhd                    ; yes             ; User VHDL File  ; C:/altera/13.0/Counterplz/sub_4bits.vhd     ;         ;
+----------------------------------+-----------------+-----------------+---------------------------------------------+---------+


+-------------------------------------------------------+
; Analysis & Synthesis Resource Usage Summary           ;
+---------------------------------------------+---------+
; Resource                                    ; Usage   ;
+---------------------------------------------+---------+
; Estimated Total logic elements              ; 242     ;
;                                             ;         ;
; Total combinational functions               ; 196     ;
; Logic element usage by number of LUT inputs ;         ;
;     -- 4 input functions                    ; 81      ;
;     -- 3 input functions                    ; 78      ;
;     -- <=2 input functions                  ; 37      ;
;                                             ;         ;
; Logic elements by mode                      ;         ;
;     -- normal mode                          ; 188     ;
;     -- arithmetic mode                      ; 8       ;
;                                             ;         ;
; Total registers                             ; 111     ;
;     -- Dedicated logic registers            ; 111     ;
;     -- I/O registers                        ; 0       ;
;                                             ;         ;
; I/O pins                                    ; 50      ;
; Embedded Multiplier 9-bit elements          ; 0       ;
; Maximum fan-out node                        ; clk_cpu ;
; Maximum fan-out                             ; 111     ;
; Total fan-out                               ; 1031    ;
; Average fan-out                             ; 2.89    ;
+---------------------------------------------+---------+


+----------------------------------------------------------------------------------------------------------------------------------------------------------------------------------------------------------------+
; Analysis & Synthesis Resource Utilization by Entity                                                                                                                                                            ;
+--------------------------------+-------------------+--------------+-------------+--------------+---------+-----------+------+--------------+----------------------------------------------------+--------------+
; Compilation Hierarchy Node     ; LC Combinationals ; LC Registers ; Memory Bits ; DSP Elements ; DSP 9x9 ; DSP 18x18 ; Pins ; Virtual Pins ; Full Hierarchy Name                                ; Library Name ;
+--------------------------------+-------------------+--------------+-------------+--------------+---------+-----------+------+--------------+----------------------------------------------------+--------------+
; |Contador                      ; 196 (7)           ; 111 (11)     ; 0           ; 0            ; 0       ; 0         ; 50   ; 0            ; |Contador                                          ;              ;
;    |bcd7seg:bcd7seg_com|       ; 9 (9)             ; 0 (0)        ; 0           ; 0            ; 0       ; 0         ; 0    ; 0            ; |Contador|bcd7seg:bcd7seg_com                      ;              ;
;    |ctrl:controller|           ; 65 (65)           ; 52 (52)      ; 0           ; 0            ; 0       ; 0         ; 0    ; 0            ; |Contador|ctrl:controller                          ;              ;
;    |dp:datapath|               ; 115 (21)          ; 48 (20)      ; 0           ; 0            ; 0       ; 0         ; 0    ; 0            ; |Contador|dp:datapath                              ;              ;
;       |acc:acumulador|         ; 0 (0)             ; 4 (4)        ; 0           ; 0            ; 0       ; 0         ; 0    ; 0            ; |Contador|dp:datapath|acc:acumulador               ;              ;
;       |alu:alu1|               ; 82 (22)           ; 4 (4)        ; 0           ; 0            ; 0       ; 0         ; 0    ; 0            ; |Contador|dp:datapath|alu:alu1                     ;              ;
;          |somador_4bits:soma|  ; 37 (37)           ; 0 (0)        ; 0           ; 0            ; 0       ; 0         ; 0    ; 0            ; |Contador|dp:datapath|alu:alu1|somador_4bits:soma  ;              ;
;          |sub_4bits:subtracao| ; 23 (23)           ; 0 (0)        ; 0           ; 0            ; 0       ; 0         ; 0    ; 0            ; |Contador|dp:datapath|alu:alu1|sub_4bits:subtracao ;              ;
;       |rf:rf1|                 ; 12 (12)           ; 20 (20)      ; 0           ; 0            ; 0       ; 0         ; 0    ; 0            ; |Contador|dp:datapath|rf:rf1                       ;              ;
+--------------------------------+-------------------+--------------+-------------+--------------+---------+-----------+------+--------------+----------------------------------------------------+--------------+
Note: For table entries with two numbers listed, the numbers in parentheses indicate the number of resources of the given type used by the specific entity alone. The numbers listed outside of parentheses indicate the total resources of the given type used by the specific entity and all of its sub-entities in the hierarchy.


Encoding Type:  One-Hot
+---------------------------------------------------------------------------------------------------------------------------------------------------------------------------------------+
; State Machine - |Contador|ctrl:controller|state                                                                                                                                       ;
+------------+------------+-----------+-----------+-----------+-----------+----------+----------+----------+----------+----------+----------+----------+----------+----------+----------+
; Name       ; state.done ; state.s13 ; state.s12 ; state.s11 ; state.s10 ; state.s9 ; state.s8 ; state.s7 ; state.s6 ; state.s5 ; state.s4 ; state.s3 ; state.s2 ; state.s1 ; state.s0 ;
+------------+------------+-----------+-----------+-----------+-----------+----------+----------+----------+----------+----------+----------+----------+----------+----------+----------+
; state.s0   ; 0          ; 0         ; 0         ; 0         ; 0         ; 0        ; 0        ; 0        ; 0        ; 0        ; 0        ; 0        ; 0        ; 0        ; 0        ;
; state.s1   ; 0          ; 0         ; 0         ; 0         ; 0         ; 0        ; 0        ; 0        ; 0        ; 0        ; 0        ; 0        ; 0        ; 1        ; 1        ;
; state.s2   ; 0          ; 0         ; 0         ; 0         ; 0         ; 0        ; 0        ; 0        ; 0        ; 0        ; 0        ; 0        ; 1        ; 0        ; 1        ;
; state.s3   ; 0          ; 0         ; 0         ; 0         ; 0         ; 0        ; 0        ; 0        ; 0        ; 0        ; 0        ; 1        ; 0        ; 0        ; 1        ;
; state.s4   ; 0          ; 0         ; 0         ; 0         ; 0         ; 0        ; 0        ; 0        ; 0        ; 0        ; 1        ; 0        ; 0        ; 0        ; 1        ;
; state.s5   ; 0          ; 0         ; 0         ; 0         ; 0         ; 0        ; 0        ; 0        ; 0        ; 1        ; 0        ; 0        ; 0        ; 0        ; 1        ;
; state.s6   ; 0          ; 0         ; 0         ; 0         ; 0         ; 0        ; 0        ; 0        ; 1        ; 0        ; 0        ; 0        ; 0        ; 0        ; 1        ;
; state.s7   ; 0          ; 0         ; 0         ; 0         ; 0         ; 0        ; 0        ; 1        ; 0        ; 0        ; 0        ; 0        ; 0        ; 0        ; 1        ;
; state.s8   ; 0          ; 0         ; 0         ; 0         ; 0         ; 0        ; 1        ; 0        ; 0        ; 0        ; 0        ; 0        ; 0        ; 0        ; 1        ;
; state.s9   ; 0          ; 0         ; 0         ; 0         ; 0         ; 1        ; 0        ; 0        ; 0        ; 0        ; 0        ; 0        ; 0        ; 0        ; 1        ;
; state.s10  ; 0          ; 0         ; 0         ; 0         ; 1         ; 0        ; 0        ; 0        ; 0        ; 0        ; 0        ; 0        ; 0        ; 0        ; 1        ;
; state.s11  ; 0          ; 0         ; 0         ; 1         ; 0         ; 0        ; 0        ; 0        ; 0        ; 0        ; 0        ; 0        ; 0        ; 0        ; 1        ;
; state.s12  ; 0          ; 0         ; 1         ; 0         ; 0         ; 0        ; 0        ; 0        ; 0        ; 0        ; 0        ; 0        ; 0        ; 0        ; 1        ;
; state.s13  ; 0          ; 1         ; 0         ; 0         ; 0         ; 0        ; 0        ; 0        ; 0        ; 0        ; 0        ; 0        ; 0        ; 0        ; 1        ;
; state.done ; 1          ; 0         ; 0         ; 0         ; 0         ; 0        ; 0        ; 0        ; 0        ; 0        ; 0        ; 0        ; 0        ; 0        ; 1        ;
+------------+------------+-----------+-----------+-----------+-----------+----------+----------+----------+----------+----------+----------+----------+----------+----------+----------+


+---------------------------------------------------------------------------------------------------------+
; User-Specified and Inferred Latches                                                                     ;
+-----------------------------------------------------+--------------------------+------------------------+
; Latch Name                                          ; Latch Enable Signal      ; Free of Timing Hazards ;
+-----------------------------------------------------+--------------------------+------------------------+
; bcd7seg:bcd7seg_com|hex3[0]                         ; bcd7seg:bcd7seg_com|Mux6 ; yes                    ;
; bcd7seg:bcd7seg_com|hex3[1]                         ; bcd7seg:bcd7seg_com|Mux6 ; yes                    ;
; bcd7seg:bcd7seg_com|hex3[2]                         ; bcd7seg:bcd7seg_com|Mux6 ; yes                    ;
; bcd7seg:bcd7seg_com|hex3[3]                         ; bcd7seg:bcd7seg_com|Mux6 ; yes                    ;
; bcd7seg:bcd7seg_com|hex3[6]                         ; bcd7seg:bcd7seg_com|Mux6 ; yes                    ;
; bcd7seg:bcd7seg_com|hex2[0]                         ; bcd7seg:bcd7seg_com|Mux6 ; yes                    ;
; bcd7seg:bcd7seg_com|hex2[1]                         ; bcd7seg:bcd7seg_com|Mux6 ; yes                    ;
; bcd7seg:bcd7seg_com|hex2[2]                         ; bcd7seg:bcd7seg_com|Mux6 ; yes                    ;
; bcd7seg:bcd7seg_com|hex2[3]                         ; bcd7seg:bcd7seg_com|Mux6 ; yes                    ;
; bcd7seg:bcd7seg_com|hex2[6]                         ; bcd7seg:bcd7seg_com|Mux6 ; yes                    ;
; bcd7seg:bcd7seg_com|hex1[0]                         ; bcd7seg:bcd7seg_com|Mux6 ; yes                    ;
; bcd7seg:bcd7seg_com|hex1[1]                         ; bcd7seg:bcd7seg_com|Mux6 ; yes                    ;
; bcd7seg:bcd7seg_com|hex1[2]                         ; bcd7seg:bcd7seg_com|Mux6 ; yes                    ;
; bcd7seg:bcd7seg_com|hex1[3]                         ; bcd7seg:bcd7seg_com|Mux6 ; yes                    ;
; bcd7seg:bcd7seg_com|hex1[6]                         ; bcd7seg:bcd7seg_com|Mux6 ; yes                    ;
; bcd7seg:bcd7seg_com|hex0[0]                         ; bcd7seg:bcd7seg_com|Mux6 ; yes                    ;
; bcd7seg:bcd7seg_com|hex0[1]                         ; bcd7seg:bcd7seg_com|Mux6 ; yes                    ;
; bcd7seg:bcd7seg_com|hex0[2]                         ; bcd7seg:bcd7seg_com|Mux6 ; yes                    ;
; bcd7seg:bcd7seg_com|hex0[3]                         ; bcd7seg:bcd7seg_com|Mux6 ; yes                    ;
; bcd7seg:bcd7seg_com|hex0[6]                         ; bcd7seg:bcd7seg_com|Mux6 ; yes                    ;
; dp:datapath|alu:alu1|somador_4bits:soma|r[0]        ; GND                      ; yes                    ;
; dp:datapath|alu:alu1|sub_4bits:subtracao|r[0]       ; GND                      ; yes                    ;
; dp:datapath|alu:alu1|somador_4bits:soma|r[1]        ; GND                      ; yes                    ;
; dp:datapath|alu:alu1|sub_4bits:subtracao|r[1]       ; GND                      ; yes                    ;
; dp:datapath|alu:alu1|somador_4bits:soma|r[2]        ; GND                      ; yes                    ;
; dp:datapath|alu:alu1|sub_4bits:subtracao|r[2]       ; GND                      ; yes                    ;
; dp:datapath|alu:alu1|somador_4bits:soma|r[3]        ; GND                      ; yes                    ;
; dp:datapath|alu:alu1|sub_4bits:subtracao|r[3]       ; GND                      ; yes                    ;
; dp:datapath|alu:alu1|somador_4bits:soma|n1[0]       ; GND                      ; yes                    ;
; dp:datapath|alu:alu1|somador_4bits:soma|n2[0]       ; GND                      ; yes                    ;
; dp:datapath|alu:alu1|somador_4bits:soma|n1[1]       ; GND                      ; yes                    ;
; dp:datapath|alu:alu1|somador_4bits:soma|n2[1]       ; GND                      ; yes                    ;
; dp:datapath|alu:alu1|somador_4bits:soma|n1[2]       ; GND                      ; yes                    ;
; dp:datapath|alu:alu1|somador_4bits:soma|n2[2]       ; GND                      ; yes                    ;
; dp:datapath|alu:alu1|somador_4bits:soma|n1[3]       ; GND                      ; yes                    ;
; dp:datapath|alu:alu1|somador_4bits:soma|n2[3]       ; GND                      ; yes                    ;
; dp:datapath|alu:alu1|sub_4bits:subtracao|n1[0]      ; GND                      ; yes                    ;
; dp:datapath|alu:alu1|sub_4bits:subtracao|n2[0]      ; GND                      ; yes                    ;
; dp:datapath|alu:alu1|sub_4bits:subtracao|n1[1]      ; GND                      ; yes                    ;
; dp:datapath|alu:alu1|sub_4bits:subtracao|n2[1]      ; GND                      ; yes                    ;
; dp:datapath|alu:alu1|sub_4bits:subtracao|n1[2]      ; GND                      ; yes                    ;
; dp:datapath|alu:alu1|sub_4bits:subtracao|n2[2]      ; GND                      ; yes                    ;
; dp:datapath|alu:alu1|sub_4bits:subtracao|n1[3]      ; GND                      ; yes                    ;
; dp:datapath|alu:alu1|sub_4bits:subtracao|n2[3]      ; GND                      ; yes                    ;
; Number of user-specified and inferred latches = 44  ;                          ;                        ;
+-----------------------------------------------------+--------------------------+------------------------+
Note: All latches listed above may not be present at the end of synthesis due to various synthesis optimizations.


+-----------------------------------------------------------------------------------------------+
; Registers Removed During Synthesis                                                            ;
+----------------------------------------+------------------------------------------------------+
; Register name                          ; Reason for Removal                                   ;
+----------------------------------------+------------------------------------------------------+
; dp:datapath|acc:acumulador|temp[3]     ; Merged with dp:datapath|acc:acumulador|output_acc[3] ;
; dp:datapath|acc:acumulador|temp[2]     ; Merged with dp:datapath|acc:acumulador|output_acc[2] ;
; dp:datapath|acc:acumulador|temp[1]     ; Merged with dp:datapath|acc:acumulador|output_acc[1] ;
; dp:datapath|acc:acumulador|temp[0]     ; Merged with dp:datapath|acc:acumulador|output_acc[0] ;
; ctrl:controller|IR[3]                  ; Merged with ctrl:controller|IR[7]                    ;
; ctrl:controller|OPCODE[3]              ; Merged with ctrl:controller|ADDRESS[3]               ;
; ctrl:controller|PC[3..31]              ; Lost fanout                                          ;
; Total Number of Removed Registers = 35 ;                                                      ;
+----------------------------------------+------------------------------------------------------+


+-----------------------------------------------------------------------------------------------------------------------+
; Removed Registers Triggering Further Register Optimizations                                                           ;
+------------------------+--------------------+-------------------------------------------------------------------------+
; Register name          ; Reason for Removal ; Registers Removed due to This Register                                  ;
+------------------------+--------------------+-------------------------------------------------------------------------+
; ctrl:controller|PC[31] ; Lost Fanouts       ; ctrl:controller|PC[30], ctrl:controller|PC[29], ctrl:controller|PC[28], ;
;                        ;                    ; ctrl:controller|PC[27], ctrl:controller|PC[26], ctrl:controller|PC[25], ;
;                        ;                    ; ctrl:controller|PC[24], ctrl:controller|PC[23], ctrl:controller|PC[22], ;
;                        ;                    ; ctrl:controller|PC[21], ctrl:controller|PC[20], ctrl:controller|PC[19], ;
;                        ;                    ; ctrl:controller|PC[18], ctrl:controller|PC[17], ctrl:controller|PC[16], ;
;                        ;                    ; ctrl:controller|PC[15], ctrl:controller|PC[14], ctrl:controller|PC[13], ;
;                        ;                    ; ctrl:controller|PC[12], ctrl:controller|PC[11], ctrl:controller|PC[10], ;
;                        ;                    ; ctrl:controller|PC[9], ctrl:controller|PC[8], ctrl:controller|PC[7],    ;
;                        ;                    ; ctrl:controller|PC[6], ctrl:controller|PC[5], ctrl:controller|PC[4],    ;
;                        ;                    ; ctrl:controller|PC[3]                                                   ;
+------------------------+--------------------+-------------------------------------------------------------------------+


+------------------------------------------------------+
; General Register Statistics                          ;
+----------------------------------------------+-------+
; Statistic                                    ; Value ;
+----------------------------------------------+-------+
; Total registers                              ; 111   ;
; Number of registers using Synchronous Clear  ; 0     ;
; Number of registers using Synchronous Load   ; 0     ;
; Number of registers using Asynchronous Clear ; 54    ;
; Number of registers using Asynchronous Load  ; 0     ;
; Number of registers using Clock Enable       ; 85    ;
; Number of registers using Preset             ; 0     ;
+----------------------------------------------+-------+


+--------------------------------------------------+
; Inverted Register Statistics                     ;
+----------------------------------------+---------+
; Inverted Register                      ; Fan out ;
+----------------------------------------+---------+
; g~reg0                                 ; 1       ;
; ctrl:controller|PC[0]                  ; 12      ;
; Total number of inverted registers = 2 ;         ;
+----------------------------------------+---------+


+------------------------------------------------------------------------------------------------------------------------------------------------------------+
; Multiplexer Restructuring Statistics (Restructuring Performed)                                                                                             ;
+--------------------+-----------+---------------+----------------------+------------------------+------------+----------------------------------------------+
; Multiplexer Inputs ; Bus Width ; Baseline Area ; Area if Restructured ; Saving if Restructured ; Registered ; Example Multiplexer Output                   ;
+--------------------+-----------+---------------+----------------------+------------------------+------------+----------------------------------------------+
; 4:1                ; 4 bits    ; 8 LEs         ; 8 LEs                ; 0 LEs                  ; Yes        ; |Contador|dp:datapath|rf:rf1|output_rf[3]    ;
; 4:1                ; 3 bits    ; 6 LEs         ; 6 LEs                ; 0 LEs                  ; Yes        ; |Contador|ctrl:controller|PC[1]              ;
; 6:1                ; 4 bits    ; 16 LEs        ; 4 LEs                ; 12 LEs                 ; Yes        ; |Contador|dp:datapath|output_dp[0]           ;
; 5:1                ; 4 bits    ; 12 LEs        ; 0 LEs                ; 12 LEs                 ; Yes        ; |Contador|dp:datapath|acc_input[0]           ;
; 9:1                ; 4 bits    ; 24 LEs        ; 4 LEs                ; 20 LEs                 ; Yes        ; |Contador|dp:datapath|input_b_alu[3]         ;
; 10:1               ; 4 bits    ; 24 LEs        ; 4 LEs                ; 20 LEs                 ; Yes        ; |Contador|dp:datapath|input_a_alu[0]         ;
; 13:1               ; 4 bits    ; 32 LEs        ; 16 LEs               ; 16 LEs                 ; Yes        ; |Contador|dp:datapath|alu:alu1|output_alu[0] ;
+--------------------+-----------+---------------+----------------------+------------------------+------------+----------------------------------------------+


+----------------------------------------------------------------------------------------------------------------+
; Port Connectivity Checks: "dp:datapath|alu:alu1|sub_4bits:subtracao"                                           ;
+------+--------+----------+-------------------------------------------------------------------------------------+
; Port ; Type   ; Severity ; Details                                                                             ;
+------+--------+----------+-------------------------------------------------------------------------------------+
; cin  ; Input  ; Info     ; Stuck at VCC                                                                        ;
; cout ; Output ; Info     ; Connected to dangling logic. Logic that only feeds a dangling port will be removed. ;
+------+--------+----------+-------------------------------------------------------------------------------------+


+----------------------------------------------------------------------------------------------------------------+
; Port Connectivity Checks: "dp:datapath|alu:alu1|somador_4bits:soma"                                            ;
+------+--------+----------+-------------------------------------------------------------------------------------+
; Port ; Type   ; Severity ; Details                                                                             ;
+------+--------+----------+-------------------------------------------------------------------------------------+
; cin  ; Input  ; Info     ; Stuck at GND                                                                        ;
; cout ; Output ; Info     ; Connected to dangling logic. Logic that only feeds a dangling port will be removed. ;
+------+--------+----------+-------------------------------------------------------------------------------------+


+-------------------------------+
; Elapsed Time Per Partition    ;
+----------------+--------------+
; Partition Name ; Elapsed Time ;
+----------------+--------------+
; Top            ; 00:00:00     ;
+----------------+--------------+


+-------------------------------+
; Analysis & Synthesis Messages ;
+-------------------------------+
Info: *******************************************************************
Info: Running Quartus II 64-Bit Analysis & Synthesis
    Info: Version 13.0.0 Build 156 04/24/2013 SJ Web Edition
    Info: Processing started: Mon Dec 03 18:00:53 2018
Info: Command: quartus_map --read_settings_files=on --write_settings_files=off Contador -c Contador
Warning (136002): Ignored duplicate of assignment PARTITION_SOURCE for node ""
Warning (136002): Ignored duplicate of assignment PARTITION_PRESERVE_HIGH_SPEED_TILES for node ""
Warning (136002): Ignored duplicate of assignment PARTITION_IGNORE_SOURCE_FILE_CHANGES for node ""
Warning (136002): Ignored duplicate of assignment PARTITION_ALWAYS_USE_QXP_NETLIST for node ""
Warning (136002): Ignored duplicate of assignment PARTITION_IMPORT_NEW_ASSIGNMENTS for node ""
Warning (136002): Ignored duplicate of assignment PARTITION_IMPORT_EXISTING_ASSIGNMENTS for node ""
Warning (136002): Ignored duplicate of assignment PARTITION_IMPORT_EXISTING_LOGICLOCK_REGIONS for node ""
Warning (136002): Ignored duplicate of assignment PARTITION_IMPORT_PIN_ASSIGNMENTS for node ""
Warning (136002): Ignored duplicate of assignment PARTITION_IMPORT_PROMOTE_ASSIGNMENTS for node ""
Warning (136002): Ignored duplicate of assignment PARTITION_TYPE for node ""
Warning (136002): Ignored duplicate of assignment ALLOW_MULTIPLE_PERSONAS for node ""
Warning (136002): Ignored duplicate of assignment PARTITION_ASD_REGION_ID for node ""
Warning (136002): Ignored duplicate of assignment CROSS_BOUNDARY_OPTIMIZATIONS for node ""
Warning (136002): Ignored duplicate of assignment PROPAGATE_CONSTANTS_ON_INPUTS for node ""
Warning (136002): Ignored duplicate of assignment PROPAGATE_INVERSIONS_ON_INPUTS for node ""
Warning (136002): Ignored duplicate of assignment REMOVE_LOGIC_ON_UNCONNECTED_OUTPUTS for node ""
Warning (136002): Ignored duplicate of assignment MERGE_EQUIVALENT_INPUTS for node ""
Warning (136002): Ignored duplicate of assignment MERGE_EQUIVALENT_BIDIRS for node ""
Warning (136002): Ignored duplicate of assignment ABSORB_PATHS_FROM_OUTPUTS_TO_INPUTS for node ""
Warning (136002): Ignored duplicate of assignment PARTITION_EXTRACT_HARD_BLOCK_NODES for node ""
Warning (136002): Ignored duplicate of assignment PARTITION_BACK_ANNOTATION for node ""
Warning (136002): Ignored duplicate of assignment PARTITION_COLOR for node ""
Warning (136002): Ignored duplicate of assignment HIERARCHY_BLACKBOX_FILE for node "|"
Warning (136002): Ignored duplicate of assignment PARTITION_SOURCE for node ""
Warning (136002): Ignored duplicate of assignment PARTITION_PRESERVE_HIGH_SPEED_TILES for node ""
Warning (136002): Ignored duplicate of assignment PARTITION_IGNORE_SOURCE_FILE_CHANGES for node ""
Warning (136002): Ignored duplicate of assignment PARTITION_ALWAYS_USE_QXP_NETLIST for node ""
Warning (136002): Ignored duplicate of assignment PARTITION_IMPORT_NEW_ASSIGNMENTS for node ""
Warning (136002): Ignored duplicate of assignment PARTITION_IMPORT_EXISTING_ASSIGNMENTS for node ""
Warning (136002): Ignored duplicate of assignment PARTITION_IMPORT_EXISTING_LOGICLOCK_REGIONS for node ""
Warning (136002): Ignored duplicate of assignment PARTITION_IMPORT_PIN_ASSIGNMENTS for node ""
Warning (136002): Ignored duplicate of assignment PARTITION_IMPORT_PROMOTE_ASSIGNMENTS for node ""
Warning (136002): Ignored duplicate of assignment PARTITION_TYPE for node ""
Warning (136002): Ignored duplicate of assignment ALLOW_MULTIPLE_PERSONAS for node ""
Warning (136002): Ignored duplicate of assignment PARTITION_ASD_REGION_ID for node ""
Warning (136002): Ignored duplicate of assignment CROSS_BOUNDARY_OPTIMIZATIONS for node ""
Warning (136002): Ignored duplicate of assignment PROPAGATE_CONSTANTS_ON_INPUTS for node ""
Warning (136002): Ignored duplicate of assignment PROPAGATE_INVERSIONS_ON_INPUTS for node ""
Warning (136002): Ignored duplicate of assignment REMOVE_LOGIC_ON_UNCONNECTED_OUTPUTS for node ""
Warning (136002): Ignored duplicate of assignment MERGE_EQUIVALENT_INPUTS for node ""
Warning (136002): Ignored duplicate of assignment MERGE_EQUIVALENT_BIDIRS for node ""
Warning (136002): Ignored duplicate of assignment ABSORB_PATHS_FROM_OUTPUTS_TO_INPUTS for node ""
Warning (136002): Ignored duplicate of assignment PARTITION_EXTRACT_HARD_BLOCK_NODES for node ""
Warning (136002): Ignored duplicate of assignment PARTITION_BACK_ANNOTATION for node ""
Warning (136002): Ignored duplicate of assignment PARTITION_COLOR for node ""
Warning (136002): Ignored duplicate of assignment HIERARCHY_BLACKBOX_FILE for node "|"
Warning (136002): Ignored duplicate of assignment PARTITION_SOURCE for node ""
Warning (136002): Ignored duplicate of assignment PARTITION_PRESERVE_HIGH_SPEED_TILES for node ""
Warning (136002): Ignored duplicate of assignment PARTITION_IGNORE_SOURCE_FILE_CHANGES for node ""
Warning (136002): Ignored duplicate of assignment PARTITION_ALWAYS_USE_QXP_NETLIST for node ""
Warning (136002): Ignored duplicate of assignment PARTITION_IMPORT_NEW_ASSIGNMENTS for node ""
Warning (136002): Ignored duplicate of assignment PARTITION_IMPORT_EXISTING_ASSIGNMENTS for node ""
Warning (136002): Ignored duplicate of assignment PARTITION_IMPORT_EXISTING_LOGICLOCK_REGIONS for node ""
Warning (136002): Ignored duplicate of assignment PARTITION_IMPORT_PIN_ASSIGNMENTS for node ""
Warning (136002): Ignored duplicate of assignment PARTITION_IMPORT_PROMOTE_ASSIGNMENTS for node ""
Warning (136002): Ignored duplicate of assignment PARTITION_TYPE for node ""
Warning (136002): Ignored duplicate of assignment ALLOW_MULTIPLE_PERSONAS for node ""
Warning (136002): Ignored duplicate of assignment PARTITION_ASD_REGION_ID for node ""
Warning (136002): Ignored duplicate of assignment CROSS_BOUNDARY_OPTIMIZATIONS for node ""
Warning (136002): Ignored duplicate of assignment PROPAGATE_CONSTANTS_ON_INPUTS for node ""
Warning (136002): Ignored duplicate of assignment PROPAGATE_INVERSIONS_ON_INPUTS for node ""
Warning (136002): Ignored duplicate of assignment REMOVE_LOGIC_ON_UNCONNECTED_OUTPUTS for node ""
Warning (136002): Ignored duplicate of assignment MERGE_EQUIVALENT_INPUTS for node ""
Warning (136002): Ignored duplicate of assignment MERGE_EQUIVALENT_BIDIRS for node ""
Warning (136002): Ignored duplicate of assignment ABSORB_PATHS_FROM_OUTPUTS_TO_INPUTS for node ""
Warning (136002): Ignored duplicate of assignment PARTITION_EXTRACT_HARD_BLOCK_NODES for node ""
Warning (136002): Ignored duplicate of assignment PARTITION_BACK_ANNOTATION for node ""
Warning (136002): Ignored duplicate of assignment PARTITION_COLOR for node ""
Warning (136002): Ignored duplicate of assignment HIERARCHY_BLACKBOX_FILE for node "|"
Warning (136002): Ignored duplicate of assignment PARTITION_SOURCE for node ""
Warning (136002): Ignored duplicate of assignment PARTITION_PRESERVE_HIGH_SPEED_TILES for node ""
Warning (136002): Ignored duplicate of assignment PARTITION_IGNORE_SOURCE_FILE_CHANGES for node ""
Warning (136002): Ignored duplicate of assignment PARTITION_ALWAYS_USE_QXP_NETLIST for node ""
Warning (136002): Ignored duplicate of assignment PARTITION_IMPORT_NEW_ASSIGNMENTS for node ""
Warning (136002): Ignored duplicate of assignment PARTITION_IMPORT_EXISTING_ASSIGNMENTS for node ""
Warning (136002): Ignored duplicate of assignment PARTITION_IMPORT_EXISTING_LOGICLOCK_REGIONS for node ""
Warning (136002): Ignored duplicate of assignment PARTITION_IMPORT_PIN_ASSIGNMENTS for node ""
Warning (136002): Ignored duplicate of assignment PARTITION_IMPORT_PROMOTE_ASSIGNMENTS for node ""
Warning (136002): Ignored duplicate of assignment PARTITION_TYPE for node ""
Warning (136002): Ignored duplicate of assignment ALLOW_MULTIPLE_PERSONAS for node ""
Warning (136002): Ignored duplicate of assignment PARTITION_ASD_REGION_ID for node ""
Warning (136002): Ignored duplicate of assignment CROSS_BOUNDARY_OPTIMIZATIONS for node ""
Warning (136002): Ignored duplicate of assignment PROPAGATE_CONSTANTS_ON_INPUTS for node ""
Warning (136002): Ignored duplicate of assignment PROPAGATE_INVERSIONS_ON_INPUTS for node ""
Warning (136002): Ignored duplicate of assignment REMOVE_LOGIC_ON_UNCONNECTED_OUTPUTS for node ""
Warning (136002): Ignored duplicate of assignment MERGE_EQUIVALENT_INPUTS for node ""
Warning (136002): Ignored duplicate of assignment MERGE_EQUIVALENT_BIDIRS for node ""
Warning (136002): Ignored duplicate of assignment ABSORB_PATHS_FROM_OUTPUTS_TO_INPUTS for node ""
Warning (136002): Ignored duplicate of assignment PARTITION_EXTRACT_HARD_BLOCK_NODES for node ""
Warning (136002): Ignored duplicate of assignment PARTITION_BACK_ANNOTATION for node ""
Warning (136002): Ignored duplicate of assignment PARTITION_COLOR for node ""
Warning (136002): Ignored duplicate of assignment HIERARCHY_BLACKBOX_FILE for node "|"
Warning (20028): Parallel compilation is not licensed and has been disabled
Info (12021): Found 2 design units, including 1 entities, in source file contador.vhd
    Info (12022): Found design unit 1: Contador-struc
    Info (12023): Found entity 1: Contador
Info (12021): Found 2 design units, including 1 entities, in source file ctrl.vhd
    Info (12022): Found design unit 1: ctrl-fsm
    Info (12023): Found entity 1: ctrl
Info (12021): Found 2 design units, including 1 entities, in source file dp.vhd
    Info (12022): Found design unit 1: dp-rtl2
    Info (12023): Found entity 1: dp
Info (12021): Found 2 design units, including 1 entities, in source file alu.vhd
    Info (12022): Found design unit 1: alu-bhv
    Info (12023): Found entity 1: alu
Info (12021): Found 2 design units, including 1 entities, in source file rf.vhd
    Info (12022): Found design unit 1: rf-bhv
    Info (12023): Found entity 1: rf
Info (12021): Found 2 design units, including 1 entities, in source file bcd7seg.vhd
    Info (12022): Found design unit 1: bcd7seg-bhv
    Info (12023): Found entity 1: bcd7seg
Info (12021): Found 2 design units, including 1 entities, in source file acc.vhd
    Info (12022): Found design unit 1: acc-bhv
    Info (12023): Found entity 1: acc
Info (12021): Found 2 design units, including 1 entities, in source file somador_4bits.vhd
    Info (12022): Found design unit 1: somador_4bits-hardware
    Info (12023): Found entity 1: somador_4bits
Info (12021): Found 2 design units, including 1 entities, in source file fa.vhd
    Info (12022): Found design unit 1: FA-hardware
    Info (12023): Found entity 1: FA
Info (12021): Found 2 design units, including 1 entities, in source file sub_4bits.vhd
    Info (12022): Found design unit 1: sub_4bits-hardware
    Info (12023): Found entity 1: sub_4bits
Info (12127): Elaborating entity "Contador" for the top level hierarchy
Warning (10492): VHDL Process Statement warning at Contador.vhd(189): signal "ir_display" is read inside the Process Statement but isn't in the Process Statement's sensitivity list
Info (12128): Elaborating entity "ctrl" for hierarchy "ctrl:controller"
Warning (10541): VHDL Signal Declaration warning at ctrl.vhd(15): used implicit default value for signal "output_ctrl" because signal was never assigned a value or an explicit default value. Use of implicit default value may introduce unintended design optimizations.
Warning (10492): VHDL Process Statement warning at ctrl.vhd(206): signal "irs" is read inside the Process Statement but isn't in the Process Statement's sensitivity list
Info (12128): Elaborating entity "dp" for hierarchy "dp:datapath"
Info (12128): Elaborating entity "acc" for hierarchy "dp:datapath|acc:acumulador"
Info (12128): Elaborating entity "alu" for hierarchy "dp:datapath|alu:alu1"
Warning (10036): Verilog HDL or VHDL warning at alu.vhd(43): object "cout" assigned a value but never read
Info (12128): Elaborating entity "somador_4bits" for hierarchy "dp:datapath|alu:alu1|somador_4bits:soma"
Warning (10541): VHDL Signal Declaration warning at somador_4bits.vhd(11): used implicit default value for signal "cout" because signal was never assigned a value or an explicit default value. Use of implicit default value may introduce unintended design optimizations.
Warning (10492): VHDL Process Statement warning at somador_4bits.vhd(84): signal "n1" is read inside the Process Statement but isn't in the Process Statement's sensitivity list
Warning (10492): VHDL Process Statement warning at somador_4bits.vhd(84): signal "n2" is read inside the Process Statement but isn't in the Process Statement's sensitivity list
Warning (10492): VHDL Process Statement warning at somador_4bits.vhd(86): signal "res" is read inside the Process Statement but isn't in the Process Statement's sensitivity list
Warning (10492): VHDL Process Statement warning at somador_4bits.vhd(88): signal "res" is read inside the Process Statement but isn't in the Process Statement's sensitivity list
Warning (10492): VHDL Process Statement warning at somador_4bits.vhd(90): signal "res" is read inside the Process Statement but isn't in the Process Statement's sensitivity list
Warning (10492): VHDL Process Statement warning at somador_4bits.vhd(92): signal "res" is read inside the Process Statement but isn't in the Process Statement's sensitivity list
Warning (10492): VHDL Process Statement warning at somador_4bits.vhd(94): signal "res" is read inside the Process Statement but isn't in the Process Statement's sensitivity list
Warning (10492): VHDL Process Statement warning at somador_4bits.vhd(96): signal "res" is read inside the Process Statement but isn't in the Process Statement's sensitivity list
Warning (10492): VHDL Process Statement warning at somador_4bits.vhd(98): signal "res" is read inside the Process Statement but isn't in the Process Statement's sensitivity list
Warning (10492): VHDL Process Statement warning at somador_4bits.vhd(100): signal "res" is read inside the Process Statement but isn't in the Process Statement's sensitivity list
Warning (10492): VHDL Process Statement warning at somador_4bits.vhd(102): signal "res" is read inside the Process Statement but isn't in the Process Statement's sensitivity list
Warning (10492): VHDL Process Statement warning at somador_4bits.vhd(104): signal "res" is read inside the Process Statement but isn't in the Process Statement's sensitivity list
Warning (10492): VHDL Process Statement warning at somador_4bits.vhd(107): signal "r" is read inside the Process Statement but isn't in the Process Statement's sensitivity list
Warning (10631): VHDL Process Statement warning at somador_4bits.vhd(39): inferring latch(es) for signal or variable "n1", which holds its previous value in one or more paths through the process
Warning (10631): VHDL Process Statement warning at somador_4bits.vhd(39): inferring latch(es) for signal or variable "n2", which holds its previous value in one or more paths through the process
Warning (10631): VHDL Process Statement warning at somador_4bits.vhd(39): inferring latch(es) for signal or variable "r", which holds its previous value in one or more paths through the process
Info (10041): Inferred latch for "r[0]" at somador_4bits.vhd(39)
Info (10041): Inferred latch for "r[1]" at somador_4bits.vhd(39)
Info (10041): Inferred latch for "r[2]" at somador_4bits.vhd(39)
Info (10041): Inferred latch for "r[3]" at somador_4bits.vhd(39)
Info (10041): Inferred latch for "n2[0]" at somador_4bits.vhd(39)
Info (10041): Inferred latch for "n2[1]" at somador_4bits.vhd(39)
Info (10041): Inferred latch for "n2[2]" at somador_4bits.vhd(39)
Info (10041): Inferred latch for "n2[3]" at somador_4bits.vhd(39)
Info (10041): Inferred latch for "n1[0]" at somador_4bits.vhd(39)
Info (10041): Inferred latch for "n1[1]" at somador_4bits.vhd(39)
Info (10041): Inferred latch for "n1[2]" at somador_4bits.vhd(39)
Info (10041): Inferred latch for "n1[3]" at somador_4bits.vhd(39)
Info (12128): Elaborating entity "sub_4bits" for hierarchy "dp:datapath|alu:alu1|sub_4bits:subtracao"
Warning (10541): VHDL Signal Declaration warning at sub_4bits.vhd(11): used implicit default value for signal "cout" because signal was never assigned a value or an explicit default value. Use of implicit default value may introduce unintended design optimizations.
Warning (10492): VHDL Process Statement warning at sub_4bits.vhd(84): signal "n1" is read inside the Process Statement but isn't in the Process Statement's sensitivity list
Warning (10492): VHDL Process Statement warning at sub_4bits.vhd(84): signal "n2" is read inside the Process Statement but isn't in the Process Statement's sensitivity list
Warning (10492): VHDL Process Statement warning at sub_4bits.vhd(86): signal "res" is read inside the Process Statement but isn't in the Process Statement's sensitivity list
Warning (10492): VHDL Process Statement warning at sub_4bits.vhd(88): signal "res" is read inside the Process Statement but isn't in the Process Statement's sensitivity list
Warning (10492): VHDL Process Statement warning at sub_4bits.vhd(90): signal "res" is read inside the Process Statement but isn't in the Process Statement's sensitivity list
Warning (10492): VHDL Process Statement warning at sub_4bits.vhd(92): signal "res" is read inside the Process Statement but isn't in the Process Statement's sensitivity list
Warning (10492): VHDL Process Statement warning at sub_4bits.vhd(94): signal "res" is read inside the Process Statement but isn't in the Process Statement's sensitivity list
Warning (10492): VHDL Process Statement warning at sub_4bits.vhd(96): signal "res" is read inside the Process Statement but isn't in the Process Statement's sensitivity list
Warning (10492): VHDL Process Statement warning at sub_4bits.vhd(98): signal "res" is read inside the Process Statement but isn't in the Process Statement's sensitivity list
Warning (10492): VHDL Process Statement warning at sub_4bits.vhd(100): signal "res" is read inside the Process Statement but isn't in the Process Statement's sensitivity list
Warning (10492): VHDL Process Statement warning at sub_4bits.vhd(102): signal "res" is read inside the Process Statement but isn't in the Process Statement's sensitivity list
Warning (10492): VHDL Process Statement warning at sub_4bits.vhd(104): signal "res" is read inside the Process Statement but isn't in the Process Statement's sensitivity list
Warning (10492): VHDL Process Statement warning at sub_4bits.vhd(107): signal "r" is read inside the Process Statement but isn't in the Process Statement's sensitivity list
Warning (10631): VHDL Process Statement warning at sub_4bits.vhd(39): inferring latch(es) for signal or variable "n1", which holds its previous value in one or more paths through the process
Warning (10631): VHDL Process Statement warning at sub_4bits.vhd(39): inferring latch(es) for signal or variable "n2", which holds its previous value in one or more paths through the process
Warning (10631): VHDL Process Statement warning at sub_4bits.vhd(39): inferring latch(es) for signal or variable "r", which holds its previous value in one or more paths through the process
Info (10041): Inferred latch for "r[0]" at sub_4bits.vhd(39)
Info (10041): Inferred latch for "r[1]" at sub_4bits.vhd(39)
Info (10041): Inferred latch for "r[2]" at sub_4bits.vhd(39)
Info (10041): Inferred latch for "r[3]" at sub_4bits.vhd(39)
Info (10041): Inferred latch for "n2[0]" at sub_4bits.vhd(39)
Info (10041): Inferred latch for "n2[1]" at sub_4bits.vhd(39)
Info (10041): Inferred latch for "n2[2]" at sub_4bits.vhd(39)
Info (10041): Inferred latch for "n2[3]" at sub_4bits.vhd(39)
Info (10041): Inferred latch for "n1[0]" at sub_4bits.vhd(39)
Info (10041): Inferred latch for "n1[1]" at sub_4bits.vhd(39)
Info (10041): Inferred latch for "n1[2]" at sub_4bits.vhd(39)
Info (10041): Inferred latch for "n1[3]" at sub_4bits.vhd(39)
Info (12128): Elaborating entity "rf" for hierarchy "dp:datapath|rf:rf1"
Info (12128): Elaborating entity "bcd7seg" for hierarchy "bcd7seg:bcd7seg_com"
Warning (10631): VHDL Process Statement warning at bcd7seg.vhd(24): inferring latch(es) for signal or variable "hex3", which holds its previous value in one or more paths through the process
Warning (10631): VHDL Process Statement warning at bcd7seg.vhd(24): inferring latch(es) for signal or variable "hex2", which holds its previous value in one or more paths through the process
Warning (10631): VHDL Process Statement warning at bcd7seg.vhd(24): inferring latch(es) for signal or variable "hex1", which holds its previous value in one or more paths through the process
Warning (10631): VHDL Process Statement warning at bcd7seg.vhd(24): inferring latch(es) for signal or variable "hex0", which holds its previous value in one or more paths through the process
Info (10041): Inferred latch for "hex0[0]" at bcd7seg.vhd(24)
Info (10041): Inferred latch for "hex0[1]" at bcd7seg.vhd(24)
Info (10041): Inferred latch for "hex0[2]" at bcd7seg.vhd(24)
Info (10041): Inferred latch for "hex0[3]" at bcd7seg.vhd(24)
Info (10041): Inferred latch for "hex0[4]" at bcd7seg.vhd(24)
Info (10041): Inferred latch for "hex0[5]" at bcd7seg.vhd(24)
Info (10041): Inferred latch for "hex0[6]" at bcd7seg.vhd(24)
Info (10041): Inferred latch for "hex1[0]" at bcd7seg.vhd(24)
Info (10041): Inferred latch for "hex1[1]" at bcd7seg.vhd(24)
Info (10041): Inferred latch for "hex1[2]" at bcd7seg.vhd(24)
Info (10041): Inferred latch for "hex1[3]" at bcd7seg.vhd(24)
Info (10041): Inferred latch for "hex1[4]" at bcd7seg.vhd(24)
Info (10041): Inferred latch for "hex1[5]" at bcd7seg.vhd(24)
Info (10041): Inferred latch for "hex1[6]" at bcd7seg.vhd(24)
Info (10041): Inferred latch for "hex2[0]" at bcd7seg.vhd(24)
Info (10041): Inferred latch for "hex2[1]" at bcd7seg.vhd(24)
Info (10041): Inferred latch for "hex2[2]" at bcd7seg.vhd(24)
Info (10041): Inferred latch for "hex2[3]" at bcd7seg.vhd(24)
Info (10041): Inferred latch for "hex2[4]" at bcd7seg.vhd(24)
Info (10041): Inferred latch for "hex2[5]" at bcd7seg.vhd(24)
Info (10041): Inferred latch for "hex2[6]" at bcd7seg.vhd(24)
Info (10041): Inferred latch for "hex3[0]" at bcd7seg.vhd(24)
Info (10041): Inferred latch for "hex3[1]" at bcd7seg.vhd(24)
Info (10041): Inferred latch for "hex3[2]" at bcd7seg.vhd(24)
Info (10041): Inferred latch for "hex3[3]" at bcd7seg.vhd(24)
Info (10041): Inferred latch for "hex3[4]" at bcd7seg.vhd(24)
Info (10041): Inferred latch for "hex3[5]" at bcd7seg.vhd(24)
Info (10041): Inferred latch for "hex3[6]" at bcd7seg.vhd(24)
Info (13025): Duplicate LATCH primitives merged into single LATCH primitive
    Info (13026): Duplicate LATCH primitive "bcd7seg:bcd7seg_com|hex2[0]" merged with LATCH primitive "bcd7seg:bcd7seg_com|hex3[0]"
    Info (13026): Duplicate LATCH primitive "bcd7seg:bcd7seg_com|hex1[0]" merged with LATCH primitive "bcd7seg:bcd7seg_com|hex3[0]"
    Info (13026): Duplicate LATCH primitive "bcd7seg:bcd7seg_com|hex0[0]" merged with LATCH primitive "bcd7seg:bcd7seg_com|hex3[0]"
    Info (13026): Duplicate LATCH primitive "bcd7seg:bcd7seg_com|hex3[6]" merged with LATCH primitive "bcd7seg:bcd7seg_com|hex3[1]"
    Info (13026): Duplicate LATCH primitive "bcd7seg:bcd7seg_com|hex3[3]" merged with LATCH primitive "bcd7seg:bcd7seg_com|hex3[1]"
    Info (13026): Duplicate LATCH primitive "bcd7seg:bcd7seg_com|hex3[2]" merged with LATCH primitive "bcd7seg:bcd7seg_com|hex3[1]"
    Info (13026): Duplicate LATCH primitive "bcd7seg:bcd7seg_com|hex2[6]" merged with LATCH primitive "bcd7seg:bcd7seg_com|hex2[1]"
    Info (13026): Duplicate LATCH primitive "bcd7seg:bcd7seg_com|hex2[3]" merged with LATCH primitive "bcd7seg:bcd7seg_com|hex2[1]"
    Info (13026): Duplicate LATCH primitive "bcd7seg:bcd7seg_com|hex2[2]" merged with LATCH primitive "bcd7seg:bcd7seg_com|hex2[1]"
    Info (13026): Duplicate LATCH primitive "bcd7seg:bcd7seg_com|hex1[6]" merged with LATCH primitive "bcd7seg:bcd7seg_com|hex1[1]"
    Info (13026): Duplicate LATCH primitive "bcd7seg:bcd7seg_com|hex1[3]" merged with LATCH primitive "bcd7seg:bcd7seg_com|hex1[1]"
    Info (13026): Duplicate LATCH primitive "bcd7seg:bcd7seg_com|hex1[2]" merged with LATCH primitive "bcd7seg:bcd7seg_com|hex1[1]"
    Info (13026): Duplicate LATCH primitive "bcd7seg:bcd7seg_com|hex0[6]" merged with LATCH primitive "bcd7seg:bcd7seg_com|hex0[1]"
    Info (13026): Duplicate LATCH primitive "bcd7seg:bcd7seg_com|hex0[3]" merged with LATCH primitive "bcd7seg:bcd7seg_com|hex0[1]"
    Info (13026): Duplicate LATCH primitive "bcd7seg:bcd7seg_com|hex0[2]" merged with LATCH primitive "bcd7seg:bcd7seg_com|hex0[1]"
Warning (13012): Latch bcd7seg:bcd7seg_com|hex3[0] has unsafe behavior
    Warning (13013): Ports D and ENA on the latch are fed by the same signal ctrl:controller|alu_sct_ctrl[2]
Warning (13012): Latch bcd7seg:bcd7seg_com|hex3[1] has unsafe behavior
    Warning (13013): Ports D and ENA on the latch are fed by the same signal ctrl:controller|alu_sct_ctrl[3]
Warning (13012): Latch bcd7seg:bcd7seg_com|hex2[1] has unsafe behavior
    Warning (13013): Ports D and ENA on the latch are fed by the same signal ctrl:controller|alu_sct_ctrl[2]
Warning (13012): Latch bcd7seg:bcd7seg_com|hex1[1] has unsafe behavior
    Warning (13013): Ports D and ENA on the latch are fed by the same signal ctrl:controller|alu_sct_ctrl[1]
Warning (13012): Latch bcd7seg:bcd7seg_com|hex0[1] has unsafe behavior
    Warning (13013): Ports D and ENA on the latch are fed by the same signal ctrl:controller|alu_sct_ctrl[3]
Info (13000): Registers with preset signals will power-up high
Info (13003): DEV_CLRn pin will set, and not reset, register with preset signal due to NOT Gate Push-Back
Warning (13024): Output pins are stuck at VCC or GND
    Warning (13410): Pin "hex3[4]" is stuck at GND
    Warning (13410): Pin "hex3[5]" is stuck at GND
    Warning (13410): Pin "hex2[4]" is stuck at GND
    Warning (13410): Pin "hex2[5]" is stuck at GND
    Warning (13410): Pin "hex1[4]" is stuck at GND
    Warning (13410): Pin "hex1[5]" is stuck at GND
    Warning (13410): Pin "hex0[4]" is stuck at GND
    Warning (13410): Pin "hex0[5]" is stuck at GND
Info (17049): 29 registers lost all their fanouts during netlist optimizations.
Info (16010): Generating hard_block partition "hard_block:auto_generated_inst"
    Info (16011): Adding 0 node(s), including 0 DDIO, 0 PLL, 0 transceiver and 0 LCELL
Info (21057): Implemented 301 device resources after synthesis - the final resource count might be different
    Info (21058): Implemented 3 input pins
    Info (21059): Implemented 47 output pins
    Info (21061): Implemented 251 logic cells
Info: Quartus II 64-Bit Analysis & Synthesis was successful. 0 errors, 154 warnings
    Info: Peak virtual memory: 4658 megabytes
    Info: Processing ended: Mon Dec 03 18:00:58 2018
    Info: Elapsed time: 00:00:05
    Info: Total CPU time (on all processors): 00:00:02


